<?xml version="1.0" encoding="UTF-8"?>
<!-- Generated by org.testng.reporters.JUnitReportReporter -->
<testsuite hostname="Nidhis-Air" failures="0" tests="1" name="classof14sep.TakeScreentshot" time="8.840" errors="0" timestamp="2023-09-28T17:19:53 IST" skipped="0">
  <testcase classname="classof14sep.TakeScreentshot" name="TestCase1" time="8.840"/>
</testsuite> <!-- classof14sep.TakeScreentshot -->
