<?xml version="1.0" encoding="UTF-8"?>
<!-- Generated by org.testng.reporters.JUnitReportReporter -->
<testsuite hostname="Nidhis-MacBook-Air.local" failures="0" tests="4" name="class13sep.Assignment10f13sep" time="0.025" errors="0" timestamp="2023-09-20T00:26:56 IST" skipped="0">
  <testcase classname="class13sep.Assignment10f13sep" name="testCaseA" time="0.016"/>
  <testcase classname="class13sep.Assignment10f13sep" name="testCaseD" time="0.002"/>
  <testcase classname="class13sep.Assignment10f13sep" name="testCaseB" time="0.004"/>
  <testcase classname="class13sep.Assignment10f13sep" name="testCaseC" time="0.003"/>
</testsuite> <!-- class13sep.Assignment10f13sep -->
