<?xml version="1.0" encoding="UTF-8"?>
<!-- Generated by org.testng.reporters.JUnitReportReporter -->
<testsuite hostname="Nidhis-MacBook-Air.local" failures="0" tests="1" name="Notabletoresolve.Class1" time="6.283" errors="0" timestamp="2023-09-13T23:40:55 IST" skipped="0">
  <testcase classname="Notabletoresolve.Class1" name="testcase1" time="6.283"/>
</testsuite> <!-- Notabletoresolve.Class1 -->
