<?xml version="1.0" encoding="UTF-8"?>
<!-- Generated by org.testng.reporters.JUnitReportReporter -->
<testsuite hostname="Nidhis-MacBook-Air.local" failures="0" tests="1" name="hays.Homepage_UK" time="86.508" errors="0" timestamp="2023-09-27T21:02:26 IST" skipped="0">
  <testcase classname="hays.Homepage_UK" name="openURL" time="86.508"/>
</testsuite> <!-- hays.Homepage_UK -->
