<?xml version="1.0" encoding="UTF-8"?>
<!-- Generated by org.testng.reporters.JUnitReportReporter -->
<testsuite hostname="Nidhis-MacBook-Air.local" failures="0" tests="1" name="class13sep.CLassPriority1" time="0.001" errors="0" timestamp="2023-09-20T00:18:53 IST" skipped="0">
  <testcase classname="class13sep.CLassPriority1" name="testCaseOne" time="0.001"/>
</testsuite> <!-- class13sep.CLassPriority1 -->
