<?xml version="1.0" encoding="UTF-8"?>
<!-- Generated by org.testng.reporters.JUnitReportReporter -->
<testsuite hostname="Nidhis-MacBook-Air.local" failures="0" tests="10" name="class13sep.CLassInvocationCount" time="0.029" errors="0" timestamp="2023-09-20T00:18:53 IST" skipped="0">
  <testcase classname="class13sep.CLassInvocationCount" name="TestCase" time="0.003"/>
  <testcase classname="class13sep.CLassInvocationCount" name="TestCase" time="0.002"/>
  <testcase classname="class13sep.CLassInvocationCount" name="TestCase" time="0.000"/>
  <testcase classname="class13sep.CLassInvocationCount" name="TestCase" time="0.002"/>
  <testcase classname="class13sep.CLassInvocationCount" name="TestCase" time="0.002"/>
  <testcase classname="class13sep.CLassInvocationCount" name="TestCase" time="0.003"/>
  <testcase classname="class13sep.CLassInvocationCount" name="TestCase" time="0.003"/>
  <testcase classname="class13sep.CLassInvocationCount" name="TestCase" time="0.001"/>
  <testcase classname="class13sep.CLassInvocationCount" name="TestCase" time="0.012"/>
  <testcase classname="class13sep.CLassInvocationCount" name="TestCase" time="0.001"/>
</testsuite> <!-- class13sep.CLassInvocationCount -->
