<?xml version="1.0" encoding="UTF-8"?>
<!-- Generated by org.testng.reporters.JUnitReportReporter -->
<testsuite hostname="Nidhis-Air" failures="0" tests="1" name="multipleClassRun.Class1" time="180.981" errors="0" timestamp="2023-09-28T18:11:44 IST" skipped="0">
  <testcase classname="multipleClassRun.Class1" name="testcase1" time="180.981"/>
</testsuite> <!-- multipleClassRun.Class1 -->
