<?xml version="1.0" encoding="UTF-8"?>
<!-- Generated by org.testng.reporters.JUnitReportReporter -->
<testsuite hostname="Nidhis-MacBook-Air.local" failures="0" tests="2" name="testNG_package.ClassTC1" time="0.020" errors="0" timestamp="2023-09-11T22:10:44 IST" skipped="0">
  <testcase classname="testNG_package.ClassTC1" name="testcase111" time="0.007"/>
  <testcase classname="testNG_package.ClassTC1" name="testcase11" time="0.013"/>
</testsuite> <!-- testNG_package.ClassTC1 -->
