<?xml version="1.0" encoding="UTF-8"?>
<!-- Generated by org.testng.reporters.JUnitReportReporter -->
<testsuite hostname="Nidhis-Air" failures="0" tests="1" name="classof14sep.Mathclass" time="0.016" errors="0" timestamp="2023-09-28T14:15:52 IST" skipped="0">
  <testcase classname="classof14sep.Mathclass" name="TestCase1" time="0.016"/>
</testsuite> <!-- classof14sep.Mathclass -->
