<?xml version="1.0" encoding="UTF-8"?>
<!-- Generated by org.testng.reporters.JUnitReportReporter -->
<testsuite hostname="Nidhis-MacBook-Air.local" failures="0" tests="1" name="packageforTestNG.TC1" time="0.011" errors="0" timestamp="2023-09-08T09:07:49 IST" skipped="0">
  <testcase classname="packageforTestNG.TC1" name="testcase" time="0.011"/>
</testsuite> <!-- packageforTestNG.TC1 -->
