<?xml version="1.0" encoding="UTF-8"?>
<!-- Generated by org.testng.reporters.JUnitReportReporter -->
<testsuite hostname="Nidhis-Air" failures="0" tests="1" name="multipleClassRun.Class2" time="125.318" errors="0" timestamp="2023-09-28T18:11:44 IST" skipped="0">
  <testcase classname="multipleClassRun.Class2" name="testcase2" time="125.318"/>
</testsuite> <!-- multipleClassRun.Class2 -->
