<?xml version="1.0" encoding="UTF-8"?>
<!-- Generated by org.testng.reporters.JUnitReportReporter -->
<testsuite hostname="Nidhis-MacBook-Air.local" failures="0" tests="1" name="usingDDT.Class1" time="7.757" errors="0" timestamp="2023-09-19T23:26:15 IST" skipped="0">
  <testcase classname="usingDDT.Class1" name="testcase1" time="7.757"/>
</testsuite> <!-- usingDDT.Class1 -->
