<?xml version="1.0" encoding="UTF-8"?>
<!-- Generated by org.testng.reporters.JUnitReportReporter -->
<testsuite hostname="Nidhis-MacBook-Air.local" failures="0" tests="1" name="class13sep.ClassPriority2" time="0.002" errors="0" timestamp="2023-09-20T00:18:53 IST" skipped="0">
  <testcase classname="class13sep.ClassPriority2" name="testCaseOne" time="0.002"/>
</testsuite> <!-- class13sep.ClassPriority2 -->
